<?xml version="1.0" encoding="UTF-8"?>
<!-- Generated by org.testng.reporters.JUnitReportReporter -->
<testsuite hostname="DESKTOP-MCS3M3G" failures="0" tests="3" name="project.NewTest1" time="0.009" errors="0" timestamp="10 May 2022 07:08:42 GMT" skipped="1">
  <testcase classname="project.NewTest1" name="f" time="0.006"/>
  <testcase classname="project.NewTest1" name="z" time="0.003"/>
  <testcase classname="project.NewTest1" name="a">
    <skipped/>
  </testcase> <!-- a -->
</testsuite> <!-- project.NewTest1 -->
