<?xml version="1.0" encoding="UTF-8"?>
<!-- Generated by org.testng.reporters.JUnitReportReporter -->
<testsuite hostname="DESKTOP-MCS3M3G" failures="0" tests="3" name="project.NewTest1" time="0.020" errors="0" timestamp="08 Apr 2022 09:03:27 GMT" skipped="1">
  <testcase classname="project.NewTest1" name="f" time="0.008"/>
  <testcase classname="project.NewTest1" name="z" time="0.012"/>
  <testcase classname="project.NewTest1" name="a">
    <skipped/>
  </testcase> <!-- a -->
</testsuite> <!-- project.NewTest1 -->
