<?xml version="1.0" encoding="UTF-8"?>
<!-- Generated by org.testng.reporters.JUnitReportReporter -->
<testsuite hostname="DESKTOP-MCS3M3G" failures="0" tests="1" name="SuiteA.TestC" time="2.010" errors="0" timestamp="11 May 2022 10:20:23 GMT" skipped="0">
  <testcase classname="SuiteA.TestC" name="f" time="2.010"/>
</testsuite> <!-- SuiteA.TestC -->
