<?xml version="1.0" encoding="UTF-8"?>
<!-- Generated by org.testng.reporters.JUnitReportReporter -->
<testsuite hostname="DESKTOP-MCS3M3G" failures="0" tests="4" name="project.TestDependency" time="0.030" errors="0" timestamp="12 May 2022 06:20:39 GMT" skipped="2">
  <testcase classname="project.TestDependency" name="orange" time="0.014"/>
  <testcase classname="project.TestDependency" name="blue" time="0.004"/>
  <testcase classname="project.TestDependency" name="white" time="0.012">
    <skipped/>
  </testcase> <!-- white -->
  <testcase classname="project.TestDependency" name="green" time="0.000">
    <skipped/>
  </testcase> <!-- green -->
</testsuite> <!-- project.TestDependency -->
