<?xml version="1.0" encoding="UTF-8"?>
<!-- Generated by org.testng.reporters.JUnitReportReporter -->
<testsuite hostname="DESKTOP-MCS3M3G" failures="0" tests="1" name="project.Test1" time="0.012" errors="0" timestamp="10 May 2022 07:05:53 GMT" skipped="0">
  <testcase classname="project.Test1" name="f" time="0.012"/>
</testsuite> <!-- project.Test1 -->
