<?xml version="1.0" encoding="UTF-8"?>
<!-- Generated by org.testng.reporters.JUnitReportReporter -->
<testsuite hostname="DESKTOP-JCJ8HOK" failures="0" tests="1" name="project.TNG_001" time="24.663" errors="0" timestamp="07 Mar 2022 13:40:31 GMT" skipped="0">
  <testcase classname="project.TNG_001" name="amazon" time="24.663"/>
</testsuite> <!-- project.TNG_001 -->
