<?xml version="1.0" encoding="UTF-8"?>
<!-- Generated by org.testng.reporters.JUnitReportReporter -->
<testsuite hostname="DESKTOP-JCJ8HOK" failures="0" tests="1" name="project.RadioButton1" time="24.104" errors="0" timestamp="07 Mar 2022 13:40:31 GMT" skipped="0">
  <testcase classname="project.RadioButton1" name="radioButtonTest" time="24.104"/>
</testsuite> <!-- project.RadioButton1 -->
