<?xml version="1.0" encoding="UTF-8"?>
<!-- Generated by org.testng.reporters.JUnitReportReporter -->
<testsuite hostname="DESKTOP-JCJ8HOK" failures="0" tests="1" name="project.CheckBox1" time="14.741" errors="0" timestamp="07 Mar 2022 13:40:31 GMT" skipped="0">
  <testcase classname="project.CheckBox1" name="checkboxTest" time="14.741"/>
</testsuite> <!-- project.CheckBox1 -->
